{
  "0 debug pnpm:scope": {
    "selected": 1
  },
  "1 error pnpm": {
    "errno": 1,
    "code": "ELIFECYCLE",
    "pkgid": "gunk@0.0.1",
    "stage": "compile",
    "script": "tsc -b",
    "pkgname": "gunk",
    "err": {
      "name": "pnpm",
      "message": "gunk@0.0.1 compile: `tsc -b`\nExit status 1",
      "code": "ELIFECYCLE",
      "stack": "pnpm: gunk@0.0.1 compile: `tsc -b`\nExit status 1\n    at EventEmitter.<anonymous> (/usr/lib/node_modules/pnpm/dist/pnpm.cjs:105664:20)\n    at EventEmitter.emit (node:events:390:28)\n    at ChildProcess.<anonymous> (/usr/lib/node_modules/pnpm/dist/pnpm.cjs:92211:18)\n    at ChildProcess.emit (node:events:390:28)\n    at maybeClose (node:internal/child_process:1062:16)\n    at Process.ChildProcess._handle.onexit (node:internal/child_process:301:5)"
    }
  },
  "2 warn pnpm:global": " Local package.json exists, but node_modules missing, did you mean to install?"
}